WARNING: This is a development server. Do not use it in a production deployment. Use a production WSGI server instead.
 * Running on http://127.0.0.1:5000
Press CTRL+C to quit
 * Restarting with stat
 * Debugger is active!
 * Debugger PIN: 139-542-823
 * Detected change in 'C:\\Users\\Yashvie Mahey\\OneDrive\\Desktop\\Raahi\\backend\\routes\\auth_routes.py', reloading
 * Restarting with stat
 * Debugger is active!
 * Debugger PIN: 139-542-823
 * Detected change in 'C:\\Users\\Yashvie Mahey\\OneDrive\\Desktop\\Raahi\\backend\\services\\admin_service.py', reloading
 * Restarting with stat
 * Debugger is active!
 * Debugger PIN: 139-542-823
 * Detected change in 'C:\\Users\\Yashvie Mahey\\OneDrive\\Desktop\\Raahi\\backend\\routes\\web_routes.py', reloading
 * Restarting with stat
 * Debugger is active!
 * Debugger PIN: 139-542-823
 * Detected change in 'C:\\Users\\Yashvie Mahey\\OneDrive\\Desktop\\Raahi\\backend\\services\\auth_service.py', reloading
 * Restarting with stat
 * Debugger is active!
 * Debugger PIN: 139-542-823
 * Detected change in 'C:\\Users\\Yashvie Mahey\\OneDrive\\Desktop\\Raahi\\backend\\services\\auth_service.py', reloading
 * Restarting with stat
 * Debugger is active!
 * Debugger PIN: 139-542-823
 * Detected change in 'C:\\Users\\Yashvie Mahey\\OneDrive\\Desktop\\Raahi\\scripts\\cleanup_database.py', reloading
 * Restarting with stat
 * Debugger is active!
 * Debugger PIN: 139-542-823
 * Detected change in 'C:\\Users\\Yashvie Mahey\\OneDrive\\Desktop\\Raahi\\backend\\services\\trip_service.py', reloading
 * Restarting with stat
 * Debugger is active!
 * Debugger PIN: 139-542-823
 * Detected change in 'C:\\Users\\Yashvie Mahey\\OneDrive\\Desktop\\Raahi\\backend\\services\\trip_service.py', reloading
 * Restarting with stat
 * Debugger is active!
 * Debugger PIN: 139-542-823
 * Detected change in 'C:\\Users\\Yashvie Mahey\\OneDrive\\Desktop\\Raahi\\scripts\\delete_user.py', reloading
 * Restarting with stat
 * Debugger is active!
 * Debugger PIN: 139-542-823
 * Detected change in 'C:\\Users\\Yashvie Mahey\\OneDrive\\Desktop\\Raahi\\scripts\\delete_user.py', reloading
 * Restarting with stat
 * Debugger is active!
 * Debugger PIN: 139-542-823
 * Detected change in 'C:\\Users\\Yashvie Mahey\\OneDrive\\Desktop\\Raahi\\backend\\services\\admin_service.py', reloading
 * Restarting with stat
 * Debugger is active!
 * Debugger PIN: 139-542-823
 * Detected change in 'C:\\Users\\Yashvie Mahey\\OneDrive\\Desktop\\Raahi\\backend\\services\\admin_service.py', reloading
 * Restarting with stat
 * Debugger is active!
 * Debugger PIN: 139-542-823
 * Detected change in 'C:\\Users\\Yashvie Mahey\\OneDrive\\Desktop\\Raahi\\backend\\services\\admin_service.py', reloading
 * Restarting with stat
 * Debugger is active!
 * Debugger PIN: 139-542-823
 * Detected change in 'C:\\Users\\Yashvie Mahey\\OneDrive\\Desktop\\Raahi\\backend\\database\\models.py', reloading
 * Restarting with stat
 * Debugger is active!
 * Debugger PIN: 139-542-823
 * Detected change in 'C:\\Users\\Yashvie Mahey\\OneDrive\\Desktop\\Raahi\\backend\\routes\\admin_routes.py', reloading
 * Restarting with stat
 * Debugger is active!
 * Debugger PIN: 139-542-823
 * Detected change in 'C:\\Users\\Yashvie Mahey\\OneDrive\\Desktop\\Raahi\\backend\\routes\\admin_routes.py', reloading
 * Restarting with stat
 * Debugger is active!
 * Debugger PIN: 139-542-823
 * Detected change in 'C:\\Users\\Yashvie Mahey\\OneDrive\\Desktop\\Raahi\\scripts\\cleanup_orphaned_trips.py', reloading
 * Restarting with stat
 * Debugger is active!
 * Debugger PIN: 139-542-823
 * Detected change in 'C:\\Users\\Yashvie Mahey\\OneDrive\\Desktop\\Raahi\\scripts\\cleanup_orphaned_trips.py', reloading
 * Restarting with stat
 * Debugger is active!
 * Debugger PIN: 139-542-823
 * Detected change in 'C:\\Users\\Yashvie Mahey\\OneDrive\\Desktop\\Raahi\\scripts\\cleanup_orphaned_trips.py', reloading
 * Restarting with stat
 * Debugger is active!
 * Debugger PIN: 139-542-823
 * Detected change in 'C:\\Users\\Yashvie Mahey\\OneDrive\\Desktop\\Raahi\\scripts\\delete_admin_trips.py', reloading
 * Restarting with stat
 * Debugger is active!
 * Debugger PIN: 139-542-823
